<?xml version="1.0" encoding="UTF-8"?>
<testng-results ignored="0" total="1" passed="1" failed="0" skipped="0">
  <reporter-output>
  </reporter-output>
  <suite started-at="2025-06-20T23:47:25 CEST" name="Default suite" finished-at="2025-06-20T23:47:39 CEST" duration-ms="13791">
    <groups>
    </groups>
    <test started-at="2025-06-20T23:47:25 CEST" name="Default test" finished-at="2025-06-20T23:47:39 CEST" duration-ms="13791">
      <class name="leaforg_automation.AppiumBasics">
        <test-method signature="AppiumTest()[pri:0, instance:leaforg_automation.AppiumBasics@445b295b]" started-at="2025-06-20T23:47:26 CEST" name="AppiumTest" finished-at="2025-06-20T23:47:39 CEST" duration-ms="13753" status="PASS">
          <reporter-output>
          </reporter-output>
        </test-method> <!-- AppiumTest -->
      </class> <!-- leaforg_automation.AppiumBasics -->
    </test> <!-- Default test -->
  </suite> <!-- Default suite -->
</testng-results>
