<?xml version="1.0" encoding="UTF-8"?>
<!-- Generated by org.testng.reporters.JUnitXMLReporter -->
<testsuite ignored="0" hostname="nazmusnafis" failures="1" tests="1" name="E2E Framework Test" time="45.415" errors="0" timestamp="2025-06-24T16:13:40 CEST">
  <testcase classname="leaforg_automation.Registration" name="registration" time="34.784">
    <failure type="org.openqa.selenium.WebDriverException" message="An unknown server-side error occurred while processing the command. Original error: Could not proxy command to the remote server. Original error: socket hang up
Build info: version: &amp;apos;4.33.0&amp;apos;, revision: &amp;apos;2c6aaad03a&amp;apos;
System info: os.name: &amp;apos;Mac OS X&amp;apos;, os.arch: &amp;apos;x86_64&amp;apos;, os.version: &amp;apos;15.5&amp;apos;, java.version: &amp;apos;21.0.7&amp;apos;
Driver info: io.appium.java_client.android.AndroidDriver
Command: [c0167d91-06cb-4992-91e4-480baf22c73a, clickElement {id=00000000-0000-1265-0000-01130000000e}]
Capabilities {appium:app: /Users/zarintasnim/git/repo..., appium:appActivity: com.testleaf.leaforg.MainAc..., appium:appPackage: com.testleaf.leaforg, appium:automationName: UIAutomator2, appium:databaseEnabled: false, appium:desired: {app: /Users/zarintasnim/git/repo..., automationName: UIAutomator2, deviceName: TestDevice, disableWindowAnimation: true, platformName: ANDROID}, appium:deviceApiLevel: 35, appium:deviceManufacturer: Google, appium:deviceModel: sdk_gphone64_x86_64, appium:deviceName: emulator-5554, appium:deviceScreenDensity: 480, appium:deviceScreenSize: 1344x2992, appium:deviceUDID: emulator-5554, appium:disableWindowAnimation: true, appium:javascriptEnabled: true, appium:locationContextEnabled: false, appium:networkConnectionEnabled: true, appium:pixelRatio: 3, appium:platformVersion: 15, appium:statBarHeight: 156, appium:takesScreenshot: true, appium:viewportRect: {height: 2836, left: 0, top: 156, width: 1344}, appium:warnings: {}, appium:webStorageEnabled: false, platformName: ANDROID}
Element: [[AndroidDriver:  on ANDROID (c0167d91-06cb-4992-91e4-480baf22c73a)] -&amp;gt; xpath: (//android.widget.Button[@text=&amp;quot;CONTINUE&amp;quot;])[2]]
Session ID: c0167d91-06cb-4992-91e4-480baf22c73a">
      <![CDATA[org.openqa.selenium.WebDriverException: An unknown server-side error occurred while processing the command. Original error: Could not proxy command to the remote server. Original error: socket hang up
Build info: version: '4.33.0', revision: '2c6aaad03a'
System info: os.name: 'Mac OS X', os.arch: 'x86_64', os.version: '15.5', java.version: '21.0.7'
Driver info: io.appium.java_client.android.AndroidDriver
Command: [c0167d91-06cb-4992-91e4-480baf22c73a, clickElement {id=00000000-0000-1265-0000-01130000000e}]
Capabilities {appium:app: /Users/zarintasnim/git/repo..., appium:appActivity: com.testleaf.leaforg.MainAc..., appium:appPackage: com.testleaf.leaforg, appium:automationName: UIAutomator2, appium:databaseEnabled: false, appium:desired: {app: /Users/zarintasnim/git/repo..., automationName: UIAutomator2, deviceName: TestDevice, disableWindowAnimation: true, platformName: ANDROID}, appium:deviceApiLevel: 35, appium:deviceManufacturer: Google, appium:deviceModel: sdk_gphone64_x86_64, appium:deviceName: emulator-5554, appium:deviceScreenDensity: 480, appium:deviceScreenSize: 1344x2992, appium:deviceUDID: emulator-5554, appium:disableWindowAnimation: true, appium:javascriptEnabled: true, appium:locationContextEnabled: false, appium:networkConnectionEnabled: true, appium:pixelRatio: 3, appium:platformVersion: 15, appium:statBarHeight: 156, appium:takesScreenshot: true, appium:viewportRect: {height: 2836, left: 0, top: 156, width: 1344}, appium:warnings: {}, appium:webStorageEnabled: false, platformName: ANDROID}
Element: [[AndroidDriver:  on ANDROID (c0167d91-06cb-4992-91e4-480baf22c73a)] -> xpath: (//android.widget.Button[@text="CONTINUE"])[2]]
Session ID: c0167d91-06cb-4992-91e4-480baf22c73a
at org.openqa.selenium.remote.ErrorCodec.decode(ErrorCodec.java:167)
at org.openqa.selenium.remote.codec.w3c.W3CHttpResponseCodec.decode(W3CHttpResponseCodec.java:138)
at org.openqa.selenium.remote.codec.w3c.W3CHttpResponseCodec.decode(W3CHttpResponseCodec.java:50)
at org.openqa.selenium.remote.HttpCommandExecutor.execute(HttpCommandExecutor.java:215)
at io.appium.java_client.remote.AppiumCommandExecutor.execute(AppiumCommandExecutor.java:243)
at org.openqa.selenium.remote.RemoteWebDriver.execute(RemoteWebDriver.java:544)
at org.openqa.selenium.remote.RemoteWebElement.execute(RemoteWebElement.java:223)
at org.openqa.selenium.remote.RemoteWebElement.click(RemoteWebElement.java:76)
at io.appium.java_client.pagefactory.ElementInterceptor.getObject(ElementInterceptor.java:42)
at io.appium.java_client.pagefactory.interceptors.InterceptorOfASingleElement.call(InterceptorOfASingleElement.java:79)
at io.appium.java_client.proxy.Interceptor.intercept(Interceptor.java:78)
at org.openqa.selenium.remote.RemoteWebElement$ByteBuddy$6UsM656f.click(Unknown Source)
at leaforg_automation.pageObjects.android.RegistrationPage.ClickSecContButton(RegistrationPage.java:127)
at leaforg_automation.Registration.registration(Registration.java:44)
at java.base/java.util.ArrayList.forEach(ArrayList.java:1596)
... Removed 30 stack frames]]>
    </failure>
  </testcase> <!-- registration -->
</testsuite> <!-- E2E Framework Test -->
